[0m14:08:24.554913 [debug] [MainThread]: Sending event: {'category': 'dbt', 'action': 'invocation', 'label': 'start', 'context': [<snowplow_tracker.self_describing_json.SelfDescribingJson object at 0x0000029CC9DC7CB0>, <snowplow_tracker.self_describing_json.SelfDescribingJson object at 0x0000029CC7AF5BD0>, <snowplow_tracker.self_describing_json.SelfDescribingJson object at 0x0000029CCAFE7C50>]}


============================== 14:08:24.603918 | 07f87186-f26e-4ffd-bac6-311ab2b2c6ea ==============================
[0m14:08:24.603918 [info ] [MainThread]: Running with dbt=1.10.11
[0m14:08:24.605447 [debug] [MainThread]: running dbt with arguments {'partial_parse': 'True', 'write_json': 'True', 'send_anonymous_usage_stats': 'True', 'use_colors': 'True', 'cache_selected_only': 'False', 'target_path': 'None', 'warn_error': 'None', 'invocation_command': 'dbt init', 'log_format': 'default', 'version_check': 'True', 'introspect': 'True', 'debug': 'False', 'log_cache_events': 'False', 'fail_fast': 'False', 'no_print': 'None', 'quiet': 'False', 'empty': 'None', 'use_experimental_parser': 'False', 'printer_width': '80', 'indirect_selection': 'eager', 'log_path': 'logs', 'profiles_dir': 'C:\\Users\\Vasily\\.dbt', 'static_parser': 'True', 'warn_error_options': 'WarnErrorOptionsV2(error=[], warn=[], silence=[])'}
[0m14:08:24.684546 [info ] [MainThread]: Creating dbt configuration folder at C:\Users\Vasily\.dbt
[0m14:13:53.541183 [debug] [MainThread]: Starter project path: C:\Users\Vasily\Desktop\docker\env\Lib\site-packages\dbt\include\starter_project
[0m14:13:53.911096 [info ] [MainThread]: 
Your new dbt project "custom_postgres" was created!

For more information on how to configure the profiles.yml file,
please consult the dbt documentation here:

  https://docs.getdbt.com/docs/configure-your-profile

One more thing:

Need help? Don't hesitate to reach out to us via GitHub issues or on Slack:

  https://community.getdbt.com/

Happy modeling!

[0m14:13:53.922731 [info ] [MainThread]: Setting up your profile.
[0m14:20:23.777912 [info ] [MainThread]: Profile custom_postgres written to C:\Users\Vasily\.dbt\profiles.yml using target's profile_template.yml and your supplied values. Run 'dbt debug' to validate the connection.
[0m14:20:23.786876 [debug] [MainThread]: Command `dbt init` succeeded at 14:20:23.785893 after 719.92 seconds
[0m14:20:23.789920 [debug] [MainThread]: Sending event: {'category': 'dbt', 'action': 'invocation', 'label': 'end', 'context': [<snowplow_tracker.self_describing_json.SelfDescribingJson object at 0x0000029CCC1C50F0>, <snowplow_tracker.self_describing_json.SelfDescribingJson object at 0x0000029CCB08BD10>, <snowplow_tracker.self_describing_json.SelfDescribingJson object at 0x0000029CCAE72E00>]}
[0m14:20:23.794182 [debug] [MainThread]: Flushing usage events
[0m14:20:25.128891 [debug] [MainThread]: An error was encountered while trying to flush usage events
